2024-06-27 14:10:12.133 [info] Extension host with pid 2156 started
2024-06-27 14:10:12.133 [error] Error: EEXIST: file already exists, open '/home/azureuser/.vscode-server/data/User/workspaceStorage/177487496fcbaee4b86704bf3ad4a37c/vscode.lock'
2024-06-27 14:10:12.173 [info] Lock '/home/azureuser/.vscode-server/data/User/workspaceStorage/177487496fcbaee4b86704bf3ad4a37c/vscode.lock': Could not acquire lock, checking if the file is stale.
2024-06-27 14:10:12.198 [info] Lock '/home/azureuser/.vscode-server/data/User/workspaceStorage/177487496fcbaee4b86704bf3ad4a37c/vscode.lock': The pid 2266 appears to be gone.
2024-06-27 14:10:12.198 [info] Lock '/home/azureuser/.vscode-server/data/User/workspaceStorage/177487496fcbaee4b86704bf3ad4a37c/vscode.lock': Deleting a stale lock.
2024-06-27 14:10:12.228 [info] Lock '/home/azureuser/.vscode-server/data/User/workspaceStorage/177487496fcbaee4b86704bf3ad4a37c/vscode.lock': Lock acquired.
2024-06-27 14:10:12.295 [info] ExtensionService#_doActivateExtension vscode.tunnel-forwarding, startup: false, activationEvent: 'onTunnel'
2024-06-27 14:10:12.296 [info] ExtensionService#_doActivateExtension vscode.emmet, startup: false, activationEvent: 'onLanguage'
2024-06-27 14:10:12.297 [info] ExtensionService#_doActivateExtension ms-python.python, startup: false, activationEvent: 'onLanguage:python', root cause: ms-python.debugpy
2024-06-27 14:10:13.391 [info] ExtensionService#_doActivateExtension vscode.git-base, startup: true, activationEvent: '*', root cause: vscode.git
2024-06-27 14:10:13.627 [info] ExtensionService#_doActivateExtension vscode.git, startup: true, activationEvent: '*'
2024-06-27 14:10:13.628 [info] ExtensionService#_doActivateExtension vscode.github, startup: true, activationEvent: '*'
2024-06-27 14:10:13.930 [info] ExtensionService#_doActivateExtension ms-python.debugpy, startup: false, activationEvent: 'onLanguage:python'
2024-06-27 14:10:13.930 [info] ExtensionService#_doActivateExtension ms-python.vscode-pylance, startup: false, activationEvent: 'onLanguage:python'
2024-06-27 14:10:14.797 [info] Eager extensions activated
2024-06-27 14:10:14.797 [info] ExtensionService#_doActivateExtension vscode.debug-auto-launch, startup: false, activationEvent: 'onStartupFinished'
2024-06-27 14:10:14.798 [info] ExtensionService#_doActivateExtension vscode.merge-conflict, startup: false, activationEvent: 'onStartupFinished'
2024-06-27 14:19:35.650 [error] Error: read ECONNRESET
	at TLSWrap.onStreamRead (node:internal/stream_base_commons:217:20)
2024-06-27 14:52:20.763 [error] Error: read ECONNRESET
	at TLSWrap.onStreamRead (node:internal/stream_base_commons:217:20)
