2024-06-29 17:43:51.070 [info] Extension host with pid 2410 started
2024-06-29 17:43:51.070 [error] Error: EEXIST: file already exists, open '/home/azureuser/.vscode-server/data/User/workspaceStorage/177487496fcbaee4b86704bf3ad4a37c/vscode.lock'
2024-06-29 17:43:51.074 [info] Lock '/home/azureuser/.vscode-server/data/User/workspaceStorage/177487496fcbaee4b86704bf3ad4a37c/vscode.lock': Could not acquire lock, checking if the file is stale.
2024-06-29 17:43:51.082 [info] Lock '/home/azureuser/.vscode-server/data/User/workspaceStorage/177487496fcbaee4b86704bf3ad4a37c/vscode.lock': The pid 2156 appears to be gone.
2024-06-29 17:43:51.082 [info] Lock '/home/azureuser/.vscode-server/data/User/workspaceStorage/177487496fcbaee4b86704bf3ad4a37c/vscode.lock': Deleting a stale lock.
2024-06-29 17:43:51.093 [info] Lock '/home/azureuser/.vscode-server/data/User/workspaceStorage/177487496fcbaee4b86704bf3ad4a37c/vscode.lock': Lock acquired.
2024-06-29 17:43:52.227 [info] ExtensionService#_doActivateExtension ms-python.python, startup: false, activationEvent: 'onLanguage:python', root cause: ms-python.debugpy
2024-06-29 17:43:52.228 [info] ExtensionService#_doActivateExtension vscode.emmet, startup: false, activationEvent: 'onLanguage'
2024-06-29 17:43:52.228 [info] ExtensionService#_doActivateExtension vscode.tunnel-forwarding, startup: false, activationEvent: 'onTunnel'
2024-06-29 17:43:53.235 [info] ExtensionService#_doActivateExtension vscode.git-base, startup: true, activationEvent: '*', root cause: vscode.git
2024-06-29 17:43:54.389 [info] ExtensionService#_doActivateExtension vscode.git, startup: true, activationEvent: '*'
2024-06-29 17:43:54.390 [info] ExtensionService#_doActivateExtension vscode.github, startup: true, activationEvent: '*'
2024-06-29 17:43:54.724 [info] ExtensionService#_doActivateExtension ms-python.debugpy, startup: false, activationEvent: 'onLanguage:python'
2024-06-29 17:43:54.725 [info] ExtensionService#_doActivateExtension ms-python.vscode-pylance, startup: false, activationEvent: 'onLanguage:python'
2024-06-29 17:43:55.321 [info] Eager extensions activated
2024-06-29 17:43:55.321 [info] ExtensionService#_doActivateExtension vscode.debug-auto-launch, startup: false, activationEvent: 'onStartupFinished'
2024-06-29 17:43:55.321 [info] ExtensionService#_doActivateExtension vscode.merge-conflict, startup: false, activationEvent: 'onStartupFinished'
2024-06-30 03:20:55.344 [info] Extension host terminating: renderer disconnected for too long (1)
2024-06-30 03:20:55.345 [info] Lock '/home/azureuser/.vscode-server/data/User/workspaceStorage/177487496fcbaee4b86704bf3ad4a37c/vscode.lock': Marking the lockfile as scheduled to be released in 6000 ms.
2024-06-30 03:20:55.366 [info] Extension host with pid 2410 exiting with code 0
