7573 : 2024-06-21 16:31:19,605 : INFO : telemetry.main : Attempt start. Configuration directory [/home/azureuser/.azure].
7573 : 2024-06-21 16:31:19,606 : DEBUG : telemetry.note : acquiring lock
7573 : 2024-06-21 16:31:19,606 : DEBUG : telemetry.note : acquired lock
7573 : 2024-06-21 16:31:19,606 : INFO : telemetry.note : Update the note mtime to 2024-06-21 16:31:19.606804
7573 : 2024-06-21 16:31:19,607 : WARNING : telemetry.note : Fail to parse or read the timestamp 'N/A' in the note file. Set the last send time to minimal. Reason: not readable
7573 : 2024-06-21 16:31:19,607 : INFO : telemetry.records : 1 cache files to move.
7573 : 2024-06-21 16:31:19,607 : INFO : telemetry.records : Create temp folder /tmp/tmplacudwx0
7573 : 2024-06-21 16:31:19,607 : INFO : telemetry.records : Move file /home/azureuser/.azure/telemetry/cache to /tmp/tmplacudwx0/cache
7573 : 2024-06-21 16:31:19,610 : INFO : telemetry.records : Processed file /tmp/tmplacudwx0/cache into 1 records.
7573 : 2024-06-21 16:31:19,610 : INFO : telemetry.records : Remove directory /tmp/tmplacudwx0
7573 : 2024-06-21 16:31:19,611 : INFO : telemetry.client : Accumulated 1 events. Flush the clients.
7573 : 2024-06-21 16:31:19,611 : INFO : telemetry.client : Flush client c4395b75-49cc-422c-bc95-c7d51aef5d46.
7573 : 2024-06-21 16:31:19,885 : INFO : telemetry.sender : Sending 3824 bytes
7573 : 2024-06-21 16:31:19,886 : INFO : telemetry.sender : Finish uploading in 0.274573 seconds.
7573 : 2024-06-21 16:31:19,886 : INFO : telemetry.note : Update the last send in note to 2024-06-21 16:31:19
7573 : 2024-06-21 16:31:19,886 : INFO : telemetry.note : Update the note mtime to 2024-06-21 16:31:19.886752
23922 : 2024-06-21 18:25:42,611 : INFO : telemetry.main : Attempt start. Configuration directory [/home/azureuser/.azure].
23922 : 2024-06-21 18:25:42,611 : DEBUG : telemetry.note : acquiring lock
23922 : 2024-06-21 18:25:42,612 : DEBUG : telemetry.note : acquired lock
23922 : 2024-06-21 18:25:42,612 : INFO : telemetry.note : Update the note mtime to 2024-06-21 18:25:42.612419
23922 : 2024-06-21 18:25:42,616 : INFO : telemetry.note : Read timestamp from the note. The last send was 2024-06-21 16:31:19.
23922 : 2024-06-21 18:25:42,617 : INFO : telemetry.records : 1 cache files to move.
23922 : 2024-06-21 18:25:42,617 : INFO : telemetry.records : Create temp folder /tmp/tmp91gp_56g
23922 : 2024-06-21 18:25:42,619 : INFO : telemetry.records : Move file /home/azureuser/.azure/telemetry/cache to /tmp/tmp91gp_56g/cache
23922 : 2024-06-21 18:25:42,619 : INFO : telemetry.records : Processed file /tmp/tmp91gp_56g/cache into 1 records.
23922 : 2024-06-21 18:25:42,619 : INFO : telemetry.records : Remove directory /tmp/tmp91gp_56g
23922 : 2024-06-21 18:25:42,620 : INFO : telemetry.client : Accumulated 1 events. Flush the clients.
23922 : 2024-06-21 18:25:42,620 : INFO : telemetry.client : Flush client c4395b75-49cc-422c-bc95-c7d51aef5d46.
23922 : 2024-06-21 18:25:42,912 : INFO : telemetry.sender : Sending 4050 bytes
23922 : 2024-06-21 18:25:42,913 : INFO : telemetry.sender : Finish uploading in 0.292170 seconds.
23922 : 2024-06-21 18:25:42,913 : INFO : telemetry.note : Update the last send in note to 2024-06-21 18:25:42
23922 : 2024-06-21 18:25:42,913 : INFO : telemetry.note : Update the note mtime to 2024-06-21 18:25:42.913561
24544 : 2024-06-21 18:26:30,329 : INFO : telemetry.main : Attempt start. Configuration directory [/home/azureuser/.azure].
24544 : 2024-06-21 18:26:30,331 : DEBUG : telemetry.note : acquiring lock
24544 : 2024-06-21 18:26:30,331 : DEBUG : telemetry.note : acquired lock
24544 : 2024-06-21 18:26:30,331 : INFO : telemetry.note : Update the note mtime to 2024-06-21 18:26:30.331835
24544 : 2024-06-21 18:26:30,333 : INFO : telemetry.note : Read timestamp from the note. The last send was 2024-06-21 18:25:42.
24544 : 2024-06-21 18:26:30,334 : INFO : telemetry.records : 1 cache files to move.
24544 : 2024-06-21 18:26:30,334 : INFO : telemetry.records : Create temp folder /tmp/tmp_vuovsoh
24544 : 2024-06-21 18:26:30,334 : INFO : telemetry.records : Move file /home/azureuser/.azure/telemetry/cache to /tmp/tmp_vuovsoh/cache
24544 : 2024-06-21 18:26:30,334 : INFO : telemetry.records : Processed file /tmp/tmp_vuovsoh/cache into 1 records.
24544 : 2024-06-21 18:26:30,335 : INFO : telemetry.records : Remove directory /tmp/tmp_vuovsoh
24544 : 2024-06-21 18:26:30,335 : INFO : telemetry.client : Accumulated 1 events. Flush the clients.
24544 : 2024-06-21 18:26:30,335 : INFO : telemetry.client : Flush client c4395b75-49cc-422c-bc95-c7d51aef5d46.
24544 : 2024-06-21 18:26:30,373 : INFO : telemetry.sender : Sending 4203 bytes
24544 : 2024-06-21 18:26:30,374 : INFO : telemetry.sender : Finish uploading in 0.038091 seconds.
24544 : 2024-06-21 18:26:30,374 : INFO : telemetry.note : Update the last send in note to 2024-06-21 18:26:30
24544 : 2024-06-21 18:26:30,374 : INFO : telemetry.note : Update the note mtime to 2024-06-21 18:26:30.374531
24583 : 2024-06-21 18:26:52,735 : INFO : telemetry.main : Attempt start. Configuration directory [/home/azureuser/.azure].
24583 : 2024-06-21 18:26:52,735 : DEBUG : telemetry.note : acquiring lock
24583 : 2024-06-21 18:26:52,735 : DEBUG : telemetry.note : acquired lock
24583 : 2024-06-21 18:26:52,736 : INFO : telemetry.note : Update the note mtime to 2024-06-21 18:26:52.736012
24583 : 2024-06-21 18:26:52,737 : INFO : telemetry.note : Read timestamp from the note. The last send was 2024-06-21 18:26:30.
24583 : 2024-06-21 18:26:52,738 : INFO : telemetry.records : 1 cache files to move.
24583 : 2024-06-21 18:26:52,738 : INFO : telemetry.records : Create temp folder /tmp/tmpmsl0pxwi
24583 : 2024-06-21 18:26:52,738 : INFO : telemetry.records : Move file /home/azureuser/.azure/telemetry/cache to /tmp/tmpmsl0pxwi/cache
24583 : 2024-06-21 18:26:52,739 : INFO : telemetry.records : Processed file /tmp/tmpmsl0pxwi/cache into 1 records.
24583 : 2024-06-21 18:26:52,739 : INFO : telemetry.records : Remove directory /tmp/tmpmsl0pxwi
24583 : 2024-06-21 18:26:52,739 : INFO : telemetry.client : Accumulated 1 events. Flush the clients.
24583 : 2024-06-21 18:26:52,740 : INFO : telemetry.client : Flush client c4395b75-49cc-422c-bc95-c7d51aef5d46.
24583 : 2024-06-21 18:26:52,784 : INFO : telemetry.sender : Sending 4050 bytes
24583 : 2024-06-21 18:26:52,784 : INFO : telemetry.sender : Finish uploading in 0.044270 seconds.
24583 : 2024-06-21 18:26:52,785 : INFO : telemetry.note : Update the last send in note to 2024-06-21 18:26:52
24583 : 2024-06-21 18:26:52,786 : INFO : telemetry.note : Update the note mtime to 2024-06-21 18:26:52.786827
24679 : 2024-06-21 18:27:14,390 : INFO : telemetry.main : Attempt start. Configuration directory [/home/azureuser/.azure].
24679 : 2024-06-21 18:27:14,390 : DEBUG : telemetry.note : acquiring lock
24679 : 2024-06-21 18:27:14,390 : DEBUG : telemetry.note : acquired lock
24679 : 2024-06-21 18:27:14,391 : INFO : telemetry.note : Update the note mtime to 2024-06-21 18:27:14.391007
24679 : 2024-06-21 18:27:14,392 : INFO : telemetry.note : Read timestamp from the note. The last send was 2024-06-21 18:26:52.
24679 : 2024-06-21 18:27:14,392 : INFO : telemetry.records : 1 cache files to move.
24679 : 2024-06-21 18:27:14,393 : INFO : telemetry.records : Create temp folder /tmp/tmpqfqm1amk
24679 : 2024-06-21 18:27:14,393 : INFO : telemetry.records : Move file /home/azureuser/.azure/telemetry/cache to /tmp/tmpqfqm1amk/cache
24679 : 2024-06-21 18:27:14,393 : INFO : telemetry.records : Processed file /tmp/tmpqfqm1amk/cache into 1 records.
24679 : 2024-06-21 18:27:14,393 : INFO : telemetry.records : Remove directory /tmp/tmpqfqm1amk
24679 : 2024-06-21 18:27:14,394 : INFO : telemetry.client : Accumulated 1 events. Flush the clients.
24679 : 2024-06-21 18:27:14,394 : INFO : telemetry.client : Flush client c4395b75-49cc-422c-bc95-c7d51aef5d46.
24679 : 2024-06-21 18:27:14,445 : INFO : telemetry.sender : Sending 4203 bytes
24679 : 2024-06-21 18:27:14,445 : INFO : telemetry.sender : Finish uploading in 0.051436 seconds.
24679 : 2024-06-21 18:27:14,446 : INFO : telemetry.note : Update the last send in note to 2024-06-21 18:27:14
24679 : 2024-06-21 18:27:14,446 : INFO : telemetry.note : Update the note mtime to 2024-06-21 18:27:14.446274
25022 : 2024-06-21 18:43:11,749 : INFO : telemetry.main : Attempt start. Configuration directory [/home/azureuser/.azure].
25022 : 2024-06-21 18:43:11,749 : DEBUG : telemetry.note : acquiring lock
25022 : 2024-06-21 18:43:11,749 : DEBUG : telemetry.note : acquired lock
25022 : 2024-06-21 18:43:11,749 : INFO : telemetry.note : Update the note mtime to 2024-06-21 18:43:11.749829
25022 : 2024-06-21 18:43:11,751 : INFO : telemetry.note : Read timestamp from the note. The last send was 2024-06-21 18:27:14.
25022 : 2024-06-21 18:43:11,752 : INFO : telemetry.records : 1 cache files to move.
25022 : 2024-06-21 18:43:11,752 : INFO : telemetry.records : Create temp folder /tmp/tmp3lmfn0xf
25022 : 2024-06-21 18:43:11,752 : INFO : telemetry.records : Move file /home/azureuser/.azure/telemetry/cache to /tmp/tmp3lmfn0xf/cache
25022 : 2024-06-21 18:43:11,752 : INFO : telemetry.records : Processed file /tmp/tmp3lmfn0xf/cache into 1 records.
25022 : 2024-06-21 18:43:11,753 : INFO : telemetry.records : Remove directory /tmp/tmp3lmfn0xf
25022 : 2024-06-21 18:43:11,753 : INFO : telemetry.client : Accumulated 1 events. Flush the clients.
25022 : 2024-06-21 18:43:11,753 : INFO : telemetry.client : Flush client c4395b75-49cc-422c-bc95-c7d51aef5d46.
25022 : 2024-06-21 18:43:12,076 : INFO : telemetry.sender : Sending 4190 bytes
25022 : 2024-06-21 18:43:12,077 : INFO : telemetry.sender : Finish uploading in 0.322978 seconds.
25022 : 2024-06-21 18:43:12,077 : INFO : telemetry.note : Update the last send in note to 2024-06-21 18:43:11
25022 : 2024-06-21 18:43:12,077 : INFO : telemetry.note : Update the note mtime to 2024-06-21 18:43:12.077607
4509 : 2024-06-23 18:26:38,136 : INFO : telemetry.main : Attempt start. Configuration directory [/home/azureuser/.azure].
4509 : 2024-06-23 18:26:38,136 : DEBUG : telemetry.note : acquiring lock
4509 : 2024-06-23 18:26:38,137 : DEBUG : telemetry.note : acquired lock
4509 : 2024-06-23 18:26:38,137 : INFO : telemetry.note : Update the note mtime to 2024-06-23 18:26:38.137242
4509 : 2024-06-23 18:26:38,142 : INFO : telemetry.note : Read timestamp from the note. The last send was 2024-06-21 18:43:11.
4509 : 2024-06-23 18:26:38,143 : INFO : telemetry.records : 1 cache files to move.
4509 : 2024-06-23 18:26:38,143 : INFO : telemetry.records : Create temp folder /tmp/tmpv6x27rx1
4509 : 2024-06-23 18:26:38,143 : INFO : telemetry.records : Move file /home/azureuser/.azure/telemetry/cache to /tmp/tmpv6x27rx1/cache
4509 : 2024-06-23 18:26:38,143 : INFO : telemetry.records : Processed file /tmp/tmpv6x27rx1/cache into 1 records.
4509 : 2024-06-23 18:26:38,143 : INFO : telemetry.records : Remove directory /tmp/tmpv6x27rx1
4509 : 2024-06-23 18:26:38,144 : INFO : telemetry.client : Accumulated 1 events. Flush the clients.
4509 : 2024-06-23 18:26:38,144 : INFO : telemetry.client : Flush client c4395b75-49cc-422c-bc95-c7d51aef5d46.
4509 : 2024-06-23 18:26:38,501 : INFO : telemetry.sender : Sending 4050 bytes
4509 : 2024-06-23 18:26:38,501 : INFO : telemetry.sender : Finish uploading in 0.357008 seconds.
4509 : 2024-06-23 18:26:38,502 : INFO : telemetry.note : Update the last send in note to 2024-06-23 18:26:38
4509 : 2024-06-23 18:26:38,502 : INFO : telemetry.note : Update the note mtime to 2024-06-23 18:26:38.502100
4578 : 2024-06-23 18:26:46,932 : INFO : telemetry.main : Attempt start. Configuration directory [/home/azureuser/.azure].
4578 : 2024-06-23 18:26:46,933 : DEBUG : telemetry.note : acquiring lock
4578 : 2024-06-23 18:26:46,933 : DEBUG : telemetry.note : acquired lock
4578 : 2024-06-23 18:26:46,933 : INFO : telemetry.note : Update the note mtime to 2024-06-23 18:26:46.933242
4578 : 2024-06-23 18:26:46,934 : INFO : telemetry.note : Read timestamp from the note. The last send was 2024-06-23 18:26:38.
4578 : 2024-06-23 18:26:46,934 : INFO : telemetry.records : 1 cache files to move.
4578 : 2024-06-23 18:26:46,935 : INFO : telemetry.records : Create temp folder /tmp/tmpuj59k68i
4578 : 2024-06-23 18:26:46,935 : INFO : telemetry.records : Move file /home/azureuser/.azure/telemetry/cache to /tmp/tmpuj59k68i/cache
4578 : 2024-06-23 18:26:46,935 : INFO : telemetry.records : Processed file /tmp/tmpuj59k68i/cache into 1 records.
4578 : 2024-06-23 18:26:46,935 : INFO : telemetry.records : Remove directory /tmp/tmpuj59k68i
4578 : 2024-06-23 18:26:46,935 : INFO : telemetry.client : Accumulated 1 events. Flush the clients.
4578 : 2024-06-23 18:26:46,935 : INFO : telemetry.client : Flush client c4395b75-49cc-422c-bc95-c7d51aef5d46.
4578 : 2024-06-23 18:26:47,124 : INFO : telemetry.sender : Sending 4203 bytes
4578 : 2024-06-23 18:26:47,124 : INFO : telemetry.sender : Finish uploading in 0.188402 seconds.
4578 : 2024-06-23 18:26:47,124 : INFO : telemetry.note : Update the last send in note to 2024-06-23 18:26:46
4578 : 2024-06-23 18:26:47,124 : INFO : telemetry.note : Update the note mtime to 2024-06-23 18:26:47.124863
4715 : 2024-06-23 18:42:03,931 : INFO : telemetry.main : Attempt start. Configuration directory [/home/azureuser/.azure].
4715 : 2024-06-23 18:42:03,931 : DEBUG : telemetry.note : acquiring lock
4715 : 2024-06-23 18:42:03,931 : DEBUG : telemetry.note : acquired lock
4715 : 2024-06-23 18:42:03,931 : INFO : telemetry.note : Update the note mtime to 2024-06-23 18:42:03.931849
4715 : 2024-06-23 18:42:03,933 : INFO : telemetry.note : Read timestamp from the note. The last send was 2024-06-23 18:26:46.
4715 : 2024-06-23 18:42:03,933 : INFO : telemetry.records : 1 cache files to move.
4715 : 2024-06-23 18:42:03,933 : INFO : telemetry.records : Create temp folder /tmp/tmpsgsnotnb
4715 : 2024-06-23 18:42:03,933 : INFO : telemetry.records : Move file /home/azureuser/.azure/telemetry/cache to /tmp/tmpsgsnotnb/cache
4715 : 2024-06-23 18:42:03,933 : INFO : telemetry.records : Processed file /tmp/tmpsgsnotnb/cache into 1 records.
4715 : 2024-06-23 18:42:03,934 : INFO : telemetry.records : Remove directory /tmp/tmpsgsnotnb
4715 : 2024-06-23 18:42:03,934 : INFO : telemetry.client : Accumulated 1 events. Flush the clients.
4715 : 2024-06-23 18:42:03,934 : INFO : telemetry.client : Flush client c4395b75-49cc-422c-bc95-c7d51aef5d46.
4715 : 2024-06-23 18:42:04,268 : INFO : telemetry.sender : Sending 4190 bytes
4715 : 2024-06-23 18:42:04,268 : INFO : telemetry.sender : Finish uploading in 0.333902 seconds.
4715 : 2024-06-23 18:42:04,268 : INFO : telemetry.note : Update the last send in note to 2024-06-23 18:42:03
4715 : 2024-06-23 18:42:04,269 : INFO : telemetry.note : Update the note mtime to 2024-06-23 18:42:04.269013
