2024-06-30 12:04:07.038 [info] Extension host with pid 55175 started
2024-06-30 12:04:07.038 [error] Error: EEXIST: file already exists, open '/home/azureuser/.vscode-server/data/User/workspaceStorage/177487496fcbaee4b86704bf3ad4a37c/vscode.lock'
2024-06-30 12:04:07.048 [info] Lock '/home/azureuser/.vscode-server/data/User/workspaceStorage/177487496fcbaee4b86704bf3ad4a37c/vscode.lock': Could not acquire lock, checking if the file is stale.
2024-06-30 12:04:07.066 [info] Lock '/home/azureuser/.vscode-server/data/User/workspaceStorage/177487496fcbaee4b86704bf3ad4a37c/vscode.lock': The lock does not look stale, elapsed: 863 ms, giving up.
2024-06-30 12:04:07.074 [info] Lock '/home/azureuser/.vscode-server/data/User/workspaceStorage/177487496fcbaee4b86704bf3ad4a37c-1/vscode.lock': Lock acquired.
2024-06-30 12:04:07.212 [info] ExtensionService#_doActivateExtension vscode.tunnel-forwarding, startup: false, activationEvent: 'onTunnel'
2024-06-30 12:04:07.227 [info] ExtensionService#_doActivateExtension vscode.emmet, startup: false, activationEvent: 'onLanguage'
2024-06-30 12:04:07.228 [info] ExtensionService#_doActivateExtension ms-python.python, startup: false, activationEvent: 'onLanguage:python', root cause: ms-python.debugpy
2024-06-30 12:04:08.289 [info] ExtensionService#_doActivateExtension ms-python.debugpy, startup: false, activationEvent: 'onLanguage:python'
2024-06-30 12:04:08.289 [info] ExtensionService#_doActivateExtension ms-python.vscode-pylance, startup: false, activationEvent: 'onLanguage:python'
2024-06-30 12:04:08.784 [info] ExtensionService#_doActivateExtension vscode.git-base, startup: true, activationEvent: '*', root cause: vscode.git
2024-06-30 12:04:08.982 [info] ExtensionService#_doActivateExtension vscode.git, startup: true, activationEvent: '*'
2024-06-30 12:04:08.982 [info] ExtensionService#_doActivateExtension vscode.github, startup: true, activationEvent: '*'
2024-06-30 12:04:09.356 [info] Eager extensions activated
2024-06-30 12:04:09.358 [info] ExtensionService#_doActivateExtension vscode.debug-auto-launch, startup: false, activationEvent: 'onStartupFinished'
2024-06-30 12:04:09.358 [info] ExtensionService#_doActivateExtension vscode.merge-conflict, startup: false, activationEvent: 'onStartupFinished'
2024-06-30 12:06:49.021 [info] ExtensionService#_doActivateExtension vscode.npm, startup: false, activationEvent: 'onTerminalQuickFixRequest:ms-vscode.npm-command'
2024-06-30 12:09:46.184 [info] Extension host terminating: parent process 55149 does not exist anymore: kill ESRCH (code: ESRCH) (errno: -3)
2024-06-30 12:09:46.231 [info] Lock '/home/azureuser/.vscode-server/data/User/workspaceStorage/177487496fcbaee4b86704bf3ad4a37c-1/vscode.lock': Marking the lockfile as scheduled to be released in 6000 ms.
2024-06-30 12:09:46.776 [info] Extension host with pid 55175 exiting with code 0
