2024-06-30 12:07:55.294 [info] Extension host with pid 55906 started
2024-06-30 12:07:55.294 [error] Error: EEXIST: file already exists, open '/home/azureuser/.vscode-server/data/User/workspaceStorage/177487496fcbaee4b86704bf3ad4a37c/vscode.lock'
2024-06-30 12:07:55.297 [info] Lock '/home/azureuser/.vscode-server/data/User/workspaceStorage/177487496fcbaee4b86704bf3ad4a37c/vscode.lock': Could not acquire lock, checking if the file is stale.
2024-06-30 12:07:55.309 [info] Lock '/home/azureuser/.vscode-server/data/User/workspaceStorage/177487496fcbaee4b86704bf3ad4a37c/vscode.lock': The lock does not look stale, elapsed: 30 ms, giving up.
2024-06-30 12:07:55.309 [error] Error: EEXIST: file already exists, open '/home/azureuser/.vscode-server/data/User/workspaceStorage/177487496fcbaee4b86704bf3ad4a37c-1/vscode.lock'
2024-06-30 12:07:55.309 [info] Lock '/home/azureuser/.vscode-server/data/User/workspaceStorage/177487496fcbaee4b86704bf3ad4a37c-1/vscode.lock': Could not acquire lock, checking if the file is stale.
2024-06-30 12:07:55.310 [info] Lock '/home/azureuser/.vscode-server/data/User/workspaceStorage/177487496fcbaee4b86704bf3ad4a37c-1/vscode.lock': The lock does not look stale, elapsed: 30 ms, giving up.
2024-06-30 12:07:55.310 [error] Error: EEXIST: file already exists, open '/home/azureuser/.vscode-server/data/User/workspaceStorage/177487496fcbaee4b86704bf3ad4a37c-2/vscode.lock'
2024-06-30 12:07:55.316 [info] Lock '/home/azureuser/.vscode-server/data/User/workspaceStorage/177487496fcbaee4b86704bf3ad4a37c-2/vscode.lock': Could not acquire lock, checking if the file is stale.
2024-06-30 12:07:55.317 [info] Lock '/home/azureuser/.vscode-server/data/User/workspaceStorage/177487496fcbaee4b86704bf3ad4a37c-2/vscode.lock': The pid 13649 appears to be gone.
2024-06-30 12:07:55.317 [info] Lock '/home/azureuser/.vscode-server/data/User/workspaceStorage/177487496fcbaee4b86704bf3ad4a37c-2/vscode.lock': Deleting a stale lock.
2024-06-30 12:07:55.325 [info] Lock '/home/azureuser/.vscode-server/data/User/workspaceStorage/177487496fcbaee4b86704bf3ad4a37c-2/vscode.lock': Lock acquired.
2024-06-30 12:07:55.596 [info] ExtensionService#_doActivateExtension ms-python.python, startup: false, activationEvent: 'onLanguage:python', root cause: ms-python.debugpy
2024-06-30 12:07:55.597 [info] ExtensionService#_doActivateExtension vscode.emmet, startup: false, activationEvent: 'onLanguage'
2024-06-30 12:07:56.188 [info] ExtensionService#_doActivateExtension vscode.tunnel-forwarding, startup: false, activationEvent: 'onTunnel'
2024-06-30 12:07:56.608 [info] ExtensionService#_doActivateExtension vscode.git-base, startup: true, activationEvent: '*', root cause: vscode.git
2024-06-30 12:07:56.833 [info] ExtensionService#_doActivateExtension ms-python.debugpy, startup: false, activationEvent: 'onLanguage:python'
2024-06-30 12:07:56.833 [info] ExtensionService#_doActivateExtension ms-python.vscode-pylance, startup: false, activationEvent: 'onLanguage:python'
2024-06-30 12:07:57.345 [info] ExtensionService#_doActivateExtension vscode.git, startup: true, activationEvent: '*'
2024-06-30 12:07:57.346 [info] ExtensionService#_doActivateExtension vscode.github, startup: true, activationEvent: '*'
2024-06-30 12:07:57.692 [info] Eager extensions activated
2024-06-30 12:07:57.693 [info] ExtensionService#_doActivateExtension vscode.debug-auto-launch, startup: false, activationEvent: 'onStartupFinished'
2024-06-30 12:07:57.694 [info] ExtensionService#_doActivateExtension vscode.merge-conflict, startup: false, activationEvent: 'onStartupFinished'
